# JRE version: OpenJDK Runtime Environment (21.0.8) (build 21.0.8+-14018985-b1038.68)
# Java VM: OpenJDK 64-Bit Server VM (21.0.8+-14018985-b1038.68, mixed mode, tiered, compressed oops, compressed class ptrs, g1 gc, windows-amd64)
GC Precious Log:
 CardTable entry size: 512
 Card Set container configuration: InlinePtr #cards 5 size 8 Array Of Cards #cards 12 size 40 Howl #buckets 4 coarsen threshold 1843 Howl Bitmap #cards 512 size 80 coarsen threshold 460 Card regions per heap region 1 cards per card region 2048
 CPUs: 8 total, 8 available
 Memory: 8006M
 Large Page Support: Disabled
 NUMA Support: Disabled
 Compressed Oops: Enabled (32-bit)
 Heap Region Size: 1M
 Heap Min Capacity: 8M
 Heap Initial Capacity: 126M
 Heap Max Capacity: 2G
 Pre-touch: Disabled
 Parallel Workers: 8
 Concurrent Workers: 2
 Concurrent Refinement Workers: 8
 Periodic GC: Disabled
Heap:
 garbage-first heap   total 174080K, used 118297K [0x0000000080000000, 0x0000000100000000)
  region size 1024K, 19 young (19456K), 4 survivors (4096K)
 Metaspace       used 109236K, committed 111424K, reserved 1179648K
  class space    used 15486K, committed 16576K, reserved 1048576K
GC Heap History (20 events):
Event: 30.938 GC heap before
{Heap before GC invocations=36 (full 0):
 garbage-first heap   total 137216K, used 115047K [0x0000000080000000, 0x0000000100000000)
  region size 1024K, 35 young (35840K), 2 survivors (2048K)
 Metaspace       used 93869K, committed 95808K, reserved 1179648K
  class space    used 13136K, committed 14080K, reserved 1048576K
}
Event: 30.943 GC heap after
{Heap after GC invocations=37 (full 0):
 garbage-first heap   total 137216K, used 80496K [0x0000000080000000, 0x0000000100000000)
  region size 1024K, 2 young (2048K), 2 survivors (2048K)
 Metaspace       used 93869K, committed 95808K, reserved 1179648K
  class space    used 13136K, committed 14080K, reserved 1048576K
}
Event: 32.014 GC heap before
{Heap before GC invocations=37 (full 0):
 garbage-first heap   total 137216K, used 124528K [0x0000000080000000, 0x0000000100000000)
  region size 1024K, 45 young (46080K), 2 survivors (2048K)
 Metaspace       used 97369K, committed 99328K, reserved 1179648K
  class space    used 13713K, committed 14656K, reserved 1048576K
}
Event: 32.020 GC heap after
{Heap after GC invocations=38 (full 0):
 garbage-first heap   total 137216K, used 81172K [0x0000000080000000, 0x0000000100000000)
  region size 1024K, 5 young (5120K), 5 survivors (5120K)
 Metaspace       used 97369K, committed 99328K, reserved 1179648K
  class space    used 13713K, committed 14656K, reserved 1048576K
}
Event: 33.101 GC heap before
{Heap before GC invocations=38 (full 0):
 garbage-first heap   total 137216K, used 122132K [0x0000000080000000, 0x0000000100000000)
  region size 1024K, 45 young (46080K), 5 survivors (5120K)
 Metaspace       used 100627K, committed 102784K, reserved 1179648K
  class space    used 14186K, committed 15232K, reserved 1048576K
}
Event: 33.108 GC heap after
{Heap after GC invocations=39 (full 0):
 garbage-first heap   total 137216K, used 83619K [0x0000000080000000, 0x0000000100000000)
  region size 1024K, 5 young (5120K), 5 survivors (5120K)
 Metaspace       used 100627K, committed 102784K, reserved 1179648K
  class space    used 14186K, committed 15232K, reserved 1048576K
}
Event: 35.206 GC heap before
{Heap before GC invocations=40 (full 0):
 garbage-first heap   total 140288K, used 123555K [0x0000000080000000, 0x0000000100000000)
  region size 1024K, 44 young (45056K), 5 survivors (5120K)
 Metaspace       used 104533K, committed 106688K, reserved 1179648K
  class space    used 14795K, committed 15872K, reserved 1048576K
}
Event: 35.213 GC heap after
{Heap after GC invocations=41 (full 0):
 garbage-first heap   total 140288K, used 85542K [0x0000000080000000, 0x0000000100000000)
  region size 1024K, 5 young (5120K), 5 survivors (5120K)
 Metaspace       used 104533K, committed 106688K, reserved 1179648K
  class space    used 14795K, committed 15872K, reserved 1048576K
}
Event: 36.007 GC heap before
{Heap before GC invocations=41 (full 0):
 garbage-first heap   total 140288K, used 125478K [0x0000000080000000, 0x0000000100000000)
  region size 1024K, 44 young (45056K), 5 survivors (5120K)
 Metaspace       used 106231K, committed 108416K, reserved 1179648K
  class space    used 15036K, committed 16128K, reserved 1048576K
}
Event: 36.014 GC heap after
{Heap after GC invocations=42 (full 0):
 garbage-first heap   total 140288K, used 89088K [0x0000000080000000, 0x0000000100000000)
  region size 1024K, 6 young (6144K), 6 survivors (6144K)
 Metaspace       used 106231K, committed 108416K, reserved 1179648K
  class space    used 15036K, committed 16128K, reserved 1048576K
}
Event: 36.715 GC heap before
{Heap before GC invocations=42 (full 0):
 garbage-first heap   total 140288K, used 125952K [0x0000000080000000, 0x0000000100000000)
  region size 1024K, 42 young (43008K), 6 survivors (6144K)
 Metaspace       used 106588K, committed 108736K, reserved 1179648K
  class space    used 15064K, committed 16128K, reserved 1048576K
}
Event: 36.723 GC heap after
{Heap after GC invocations=43 (full 0):
 garbage-first heap   total 140288K, used 95386K [0x0000000080000000, 0x0000000100000000)
  region size 1024K, 6 young (6144K), 6 survivors (6144K)
 Metaspace       used 106588K, committed 108736K, reserved 1179648K
  class space    used 15064K, committed 16128K, reserved 1048576K
}
Event: 39.232 GC heap before
{Heap before GC invocations=44 (full 0):
 garbage-first heap   total 160768K, used 124058K [0x0000000080000000, 0x0000000100000000)
  region size 1024K, 34 young (34816K), 6 survivors (6144K)
 Metaspace       used 108563K, committed 110720K, reserved 1179648K
  class space    used 15369K, committed 16448K, reserved 1048576K
}
Event: 39.240 GC heap after
{Heap after GC invocations=45 (full 0):
 garbage-first heap   total 160768K, used 100815K [0x0000000080000000, 0x0000000100000000)
  region size 1024K, 5 young (5120K), 5 survivors (5120K)
 Metaspace       used 108563K, committed 110720K, reserved 1179648K
  class space    used 15369K, committed 16448K, reserved 1048576K
}
Event: 40.269 GC heap before
{Heap before GC invocations=45 (full 0):
 garbage-first heap   total 160768K, used 143823K [0x0000000080000000, 0x0000000100000000)
  region size 1024K, 48 young (49152K), 5 survivors (5120K)
 Metaspace       used 108568K, committed 110720K, reserved 1179648K
  class space    used 15369K, committed 16448K, reserved 1048576K
}
Event: 40.279 GC heap after
{Heap after GC invocations=46 (full 0):
 garbage-first heap   total 160768K, used 101797K [0x0000000080000000, 0x0000000100000000)
  region size 1024K, 4 young (4096K), 4 survivors (4096K)
 Metaspace       used 108568K, committed 110720K, reserved 1179648K
  class space    used 15369K, committed 16448K, reserved 1048576K
}
Event: 41.832 GC heap before
{Heap before GC invocations=46 (full 0):
 garbage-first heap   total 160768K, used 146853K [0x0000000080000000, 0x0000000100000000)
  region size 1024K, 48 young (49152K), 4 survivors (4096K)
 Metaspace       used 109105K, committed 111296K, reserved 1179648K
  class space    used 15476K, committed 16512K, reserved 1048576K
}
Event: 41.837 GC heap after
{Heap after GC invocations=47 (full 0):
 garbage-first heap   total 160768K, used 103596K [0x0000000080000000, 0x0000000100000000)
  region size 1024K, 6 young (6144K), 6 survivors (6144K)
 Metaspace       used 109105K, committed 111296K, reserved 1179648K
  class space    used 15476K, committed 16512K, reserved 1048576K
}
Event: 43.402 GC heap before
{Heap before GC invocations=48 (full 0):
 garbage-first heap   total 174080K, used 143532K [0x0000000080000000, 0x0000000100000000)
  region size 1024K, 46 young (47104K), 6 survivors (6144K)
 Metaspace       used 109178K, committed 111360K, reserved 1179648K
  class space    used 15478K, committed 16512K, reserved 1048576K
}
Event: 43.415 GC heap after
{Heap after GC invocations=49 (full 0):
 garbage-first heap   total 174080K, used 104985K [0x0000000080000000, 0x0000000100000000)
  region size 1024K, 4 young (4096K), 4 survivors (4096K)
 Metaspace       used 109178K, committed 111360K, reserved 1179648K
  class space    used 15478K, committed 16512K, reserved 1048576K
}

