# JRE version: OpenJDK Runtime Environment (21.0.8) (build 21.0.8+-14018985-b1038.68)
# Java VM: OpenJDK 64-Bit Server VM (21.0.8+-14018985-b1038.68, mixed mode, tiered, compressed oops, compressed class ptrs, g1 gc, windows-amd64)
GC Precious Log:
 CardTable entry size: 512
 Card Set container configuration: InlinePtr #cards 5 size 8 Array Of Cards #cards 12 size 40 Howl #buckets 4 coarsen threshold 1843 Howl Bitmap #cards 512 size 80 coarsen threshold 460 Card regions per heap region 1 cards per card region 2048
 CPUs: 8 total, 8 available
 Memory: 8006M
 Large Page Support: Disabled
 NUMA Support: Disabled
 Compressed Oops: Enabled (32-bit)
 Heap Region Size: 1M
 Heap Min Capacity: 8M
 Heap Initial Capacity: 126M
 Heap Max Capacity: 2G
 Pre-touch: Disabled
 Parallel Workers: 8
 Concurrent Workers: 2
 Concurrent Refinement Workers: 8
 Periodic GC: Disabled
Heap:
 garbage-first heap   total 172032K, used 130881K [0x0000000080000000, 0x0000000100000000)
  region size 1024K, 47 young (48128K), 6 survivors (6144K)
 Metaspace       used 107962K, committed 110208K, reserved 1179648K
  class space    used 15348K, committed 16448K, reserved 1048576K
GC Heap History (20 events):
Event: 8.361 GC heap before
{Heap before GC invocations=27 (full 0):
 garbage-first heap   total 111616K, used 98080K [0x0000000080000000, 0x0000000100000000)
  region size 1024K, 37 young (37888K), 6 survivors (6144K)
 Metaspace       used 78915K, committed 80768K, reserved 1179648K
  class space    used 10959K, committed 11840K, reserved 1048576K
}
Event: 8.365 GC heap after
{Heap after GC invocations=28 (full 0):
 garbage-first heap   total 111616K, used 68232K [0x0000000080000000, 0x0000000100000000)
  region size 1024K, 2 young (2048K), 2 survivors (2048K)
 Metaspace       used 78915K, committed 80768K, reserved 1179648K
  class space    used 10959K, committed 11840K, reserved 1048576K
}
Event: 8.831 GC heap before
{Heap before GC invocations=28 (full 0):
 garbage-first heap   total 111616K, used 99976K [0x0000000080000000, 0x0000000100000000)
  region size 1024K, 33 young (33792K), 2 survivors (2048K)
 Metaspace       used 82866K, committed 84672K, reserved 1179648K
  class space    used 11551K, committed 12416K, reserved 1048576K
}
Event: 8.834 GC heap after
{Heap after GC invocations=29 (full 0):
 garbage-first heap   total 134144K, used 69802K [0x0000000080000000, 0x0000000100000000)
  region size 1024K, 3 young (3072K), 3 survivors (3072K)
 Metaspace       used 82866K, committed 84672K, reserved 1179648K
  class space    used 11551K, committed 12416K, reserved 1048576K
}
Event: 9.286 GC heap before
{Heap before GC invocations=30 (full 0):
 garbage-first heap   total 134144K, used 119978K [0x0000000080000000, 0x0000000100000000)
  region size 1024K, 48 young (49152K), 3 survivors (3072K)
 Metaspace       used 85429K, committed 87296K, reserved 1179648K
  class space    used 11913K, committed 12800K, reserved 1048576K
}
Event: 9.290 GC heap after
{Heap after GC invocations=31 (full 0):
 garbage-first heap   total 134144K, used 75266K [0x0000000080000000, 0x0000000100000000)
  region size 1024K, 6 young (6144K), 6 survivors (6144K)
 Metaspace       used 85429K, committed 87296K, reserved 1179648K
  class space    used 11913K, committed 12800K, reserved 1048576K
}
Event: 9.704 GC heap before
{Heap before GC invocations=31 (full 0):
 garbage-first heap   total 134144K, used 117250K [0x0000000080000000, 0x0000000100000000)
  region size 1024K, 48 young (49152K), 6 survivors (6144K)
 Metaspace       used 88255K, committed 90112K, reserved 1179648K
  class space    used 12274K, committed 13184K, reserved 1048576K
}
Event: 9.712 GC heap after
{Heap after GC invocations=32 (full 0):
 garbage-first heap   total 134144K, used 78961K [0x0000000080000000, 0x0000000100000000)
  region size 1024K, 5 young (5120K), 5 survivors (5120K)
 Metaspace       used 88255K, committed 90112K, reserved 1179648K
  class space    used 12274K, committed 13184K, reserved 1048576K
}
Event: 10.044 GC heap before
{Heap before GC invocations=32 (full 0):
 garbage-first heap   total 134144K, used 119921K [0x0000000080000000, 0x0000000100000000)
  region size 1024K, 45 young (46080K), 5 survivors (5120K)
 Metaspace       used 91030K, committed 92928K, reserved 1179648K
  class space    used 12667K, committed 13568K, reserved 1048576K
}
Event: 10.048 GC heap after
{Heap after GC invocations=33 (full 0):
 garbage-first heap   total 134144K, used 81017K [0x0000000080000000, 0x0000000100000000)
  region size 1024K, 4 young (4096K), 4 survivors (4096K)
 Metaspace       used 91030K, committed 92928K, reserved 1179648K
  class space    used 12667K, committed 13568K, reserved 1048576K
}
Event: 10.465 GC heap before
{Heap before GC invocations=34 (full 0):
 garbage-first heap   total 138240K, used 120953K [0x0000000080000000, 0x0000000100000000)
  region size 1024K, 43 young (44032K), 4 survivors (4096K)
 Metaspace       used 94248K, committed 96192K, reserved 1179648K
  class space    used 13236K, committed 14144K, reserved 1048576K
}
Event: 10.468 GC heap after
{Heap after GC invocations=35 (full 0):
 garbage-first heap   total 138240K, used 81901K [0x0000000080000000, 0x0000000100000000)
  region size 1024K, 5 young (5120K), 5 survivors (5120K)
 Metaspace       used 94248K, committed 96192K, reserved 1179648K
  class space    used 13236K, committed 14144K, reserved 1048576K
}
Event: 10.892 GC heap before
{Heap before GC invocations=35 (full 0):
 garbage-first heap   total 138240K, used 123885K [0x0000000080000000, 0x0000000100000000)
  region size 1024K, 46 young (47104K), 5 survivors (5120K)
 Metaspace       used 97579K, committed 99648K, reserved 1179648K
  class space    used 13747K, committed 14720K, reserved 1048576K
}
Event: 10.898 GC heap after
{Heap after GC invocations=36 (full 0):
 garbage-first heap   total 138240K, used 82776K [0x0000000080000000, 0x0000000100000000)
  region size 1024K, 4 young (4096K), 4 survivors (4096K)
 Metaspace       used 97579K, committed 99648K, reserved 1179648K
  class space    used 13747K, committed 14720K, reserved 1048576K
}
Event: 11.306 GC heap before
{Heap before GC invocations=36 (full 0):
 garbage-first heap   total 138240K, used 124760K [0x0000000080000000, 0x0000000100000000)
  region size 1024K, 45 young (46080K), 4 survivors (4096K)
 Metaspace       used 100956K, committed 103040K, reserved 1179648K
  class space    used 14254K, committed 15296K, reserved 1048576K
}
Event: 11.311 GC heap after
{Heap after GC invocations=37 (full 0):
 garbage-first heap   total 138240K, used 85723K [0x0000000080000000, 0x0000000100000000)
  region size 1024K, 5 young (5120K), 5 survivors (5120K)
 Metaspace       used 100956K, committed 103040K, reserved 1179648K
  class space    used 14254K, committed 15296K, reserved 1048576K
}
Event: 11.763 GC heap before
{Heap before GC invocations=38 (full 0):
 garbage-first heap   total 143360K, used 125659K [0x0000000080000000, 0x0000000100000000)
  region size 1024K, 44 young (45056K), 5 survivors (5120K)
 Metaspace       used 104759K, committed 106880K, reserved 1179648K
  class space    used 14842K, committed 15872K, reserved 1048576K
}
Event: 11.769 GC heap after
{Heap after GC invocations=39 (full 0):
 garbage-first heap   total 143360K, used 87325K [0x0000000080000000, 0x0000000100000000)
  region size 1024K, 5 young (5120K), 5 survivors (5120K)
 Metaspace       used 104759K, committed 106880K, reserved 1179648K
  class space    used 14842K, committed 15872K, reserved 1048576K
}
Event: 12.163 GC heap before
{Heap before GC invocations=39 (full 0):
 garbage-first heap   total 143360K, used 130333K [0x0000000080000000, 0x0000000100000000)
  region size 1024K, 47 young (48128K), 5 survivors (5120K)
 Metaspace       used 106244K, committed 108416K, reserved 1179648K
  class space    used 15059K, committed 16128K, reserved 1048576K
}
Event: 12.171 GC heap after
{Heap after GC invocations=40 (full 0):
 garbage-first heap   total 172032K, used 90945K [0x0000000080000000, 0x0000000100000000)
  region size 1024K, 6 young (6144K), 6 survivors (6144K)
 Metaspace       used 106244K, committed 108416K, reserved 1179648K
  class space    used 15059K, committed 16128K, reserved 1048576K
}

