# JRE version: OpenJDK Runtime Environment (21.0.8) (build 21.0.8+-14018985-b1038.68)
# Java VM: OpenJDK 64-Bit Server VM (21.0.8+-14018985-b1038.68, mixed mode, tiered, compressed oops, compressed class ptrs, g1 gc, windows-amd64)
GC Precious Log:
 CardTable entry size: 512
 Card Set container configuration: InlinePtr #cards 5 size 8 Array Of Cards #cards 12 size 40 Howl #buckets 4 coarsen threshold 1843 Howl Bitmap #cards 512 size 80 coarsen threshold 460 Card regions per heap region 1 cards per card region 2048
 CPUs: 8 total, 8 available
 Memory: 8006M
 Large Page Support: Disabled
 NUMA Support: Disabled
 Compressed Oops: Enabled (32-bit)
 Heap Region Size: 1M
 Heap Min Capacity: 8M
 Heap Initial Capacity: 126M
 Heap Max Capacity: 2G
 Pre-touch: Disabled
 Parallel Workers: 8
 Concurrent Workers: 2
 Concurrent Refinement Workers: 8
 Periodic GC: Disabled
Heap:
 garbage-first heap   total 238592K, used 159303K [0x0000000080000000, 0x0000000100000000)
  region size 1024K, 23 young (23552K), 9 survivors (9216K)
 Metaspace       used 135168K, committed 137664K, reserved 1179648K
  class space    used 19072K, committed 20224K, reserved 1048576K
GC Heap History (20 events):
Event: 28.149 GC heap before
{Heap before GC invocations=52 (full 0):
 garbage-first heap   total 171008K, used 154921K [0x0000000080000000, 0x0000000100000000)
  region size 1024K, 56 young (57344K), 5 survivors (5120K)
 Metaspace       used 109288K, committed 111488K, reserved 1179648K
  class space    used 15506K, committed 16576K, reserved 1048576K
}
Event: 28.156 GC heap after
{Heap after GC invocations=53 (full 0):
 garbage-first heap   total 171008K, used 105747K [0x0000000080000000, 0x0000000100000000)
  region size 1024K, 4 young (4096K), 4 survivors (4096K)
 Metaspace       used 109288K, committed 111488K, reserved 1179648K
  class space    used 15506K, committed 16576K, reserved 1048576K
}
Event: 29.063 GC heap before
{Heap before GC invocations=54 (full 0):
 garbage-first heap   total 178176K, used 154899K [0x0000000080000000, 0x0000000100000000)
  region size 1024K, 53 young (54272K), 4 survivors (4096K)
 Metaspace       used 109500K, committed 111744K, reserved 1179648K
  class space    used 15539K, committed 16640K, reserved 1048576K
}
Event: 29.068 GC heap after
{Heap after GC invocations=55 (full 0):
 garbage-first heap   total 178176K, used 107953K [0x0000000080000000, 0x0000000100000000)
  region size 1024K, 5 young (5120K), 5 survivors (5120K)
 Metaspace       used 109500K, committed 111744K, reserved 1179648K
  class space    used 15539K, committed 16640K, reserved 1048576K
}
Event: 29.931 GC heap before
{Heap before GC invocations=55 (full 0):
 garbage-first heap   total 178176K, used 165297K [0x0000000080000000, 0x0000000100000000)
  region size 1024K, 57 young (58368K), 5 survivors (5120K)
 Metaspace       used 111195K, committed 113408K, reserved 1179648K
  class space    used 15684K, committed 16768K, reserved 1048576K
}
Event: 29.945 GC heap after
{Heap after GC invocations=56 (full 0):
 garbage-first heap   total 181248K, used 113577K [0x0000000080000000, 0x0000000100000000)
  region size 1024K, 8 young (8192K), 8 survivors (8192K)
 Metaspace       used 111195K, committed 113408K, reserved 1179648K
  class space    used 15684K, committed 16768K, reserved 1048576K
}
Event: 30.342 GC heap before
{Heap before GC invocations=56 (full 0):
 garbage-first heap   total 181248K, used 122793K [0x0000000080000000, 0x0000000100000000)
  region size 1024K, 18 young (18432K), 8 survivors (8192K)
 Metaspace       used 112824K, committed 115072K, reserved 1179648K
  class space    used 15914K, committed 17024K, reserved 1048576K
}
Event: 30.354 GC heap after
{Heap after GC invocations=57 (full 0):
 garbage-first heap   total 181248K, used 115783K [0x0000000080000000, 0x0000000100000000)
  region size 1024K, 2 young (2048K), 2 survivors (2048K)
 Metaspace       used 112824K, committed 115072K, reserved 1179648K
  class space    used 15914K, committed 17024K, reserved 1048576K
}
Event: 37.620 GC heap before
{Heap before GC invocations=58 (full 0):
 garbage-first heap   total 198656K, used 160839K [0x0000000080000000, 0x0000000100000000)
  region size 1024K, 41 young (41984K), 2 survivors (2048K)
 Metaspace       used 118446K, committed 120704K, reserved 1179648K
  class space    used 16634K, committed 17728K, reserved 1048576K
}
Event: 37.626 GC heap after
{Heap after GC invocations=59 (full 0):
 garbage-first heap   total 198656K, used 125625K [0x0000000080000000, 0x0000000100000000)
  region size 1024K, 6 young (6144K), 6 survivors (6144K)
 Metaspace       used 118446K, committed 120704K, reserved 1179648K
  class space    used 16634K, committed 17728K, reserved 1048576K
}
Event: 39.562 GC heap before
{Heap before GC invocations=59 (full 0):
 garbage-first heap   total 198656K, used 170681K [0x0000000080000000, 0x0000000100000000)
  region size 1024K, 51 young (52224K), 6 survivors (6144K)
 Metaspace       used 120644K, committed 122880K, reserved 1179648K
  class space    used 16915K, committed 17984K, reserved 1048576K
}
Event: 39.615 GC heap after
{Heap after GC invocations=60 (full 0):
 garbage-first heap   total 198656K, used 133775K [0x0000000080000000, 0x0000000100000000)
  region size 1024K, 7 young (7168K), 7 survivors (7168K)
 Metaspace       used 120644K, committed 122880K, reserved 1179648K
  class space    used 16915K, committed 17984K, reserved 1048576K
}
Event: 40.804 GC heap before
{Heap before GC invocations=60 (full 0):
 garbage-first heap   total 198656K, used 174735K [0x0000000080000000, 0x0000000100000000)
  region size 1024K, 47 young (48128K), 7 survivors (7168K)
 Metaspace       used 121474K, committed 123712K, reserved 1179648K
  class space    used 16955K, committed 18048K, reserved 1048576K
}
Event: 40.820 GC heap after
{Heap after GC invocations=61 (full 0):
 garbage-first heap   total 238592K, used 138320K [0x0000000080000000, 0x0000000100000000)
  region size 1024K, 4 young (4096K), 4 survivors (4096K)
 Metaspace       used 121474K, committed 123712K, reserved 1179648K
  class space    used 16955K, committed 18048K, reserved 1048576K
}
Event: 43.815 GC heap before
{Heap before GC invocations=62 (full 0):
 garbage-first heap   total 238592K, used 203856K [0x0000000080000000, 0x0000000100000000)
  region size 1024K, 69 young (70656K), 4 survivors (4096K)
 Metaspace       used 123013K, committed 125312K, reserved 1179648K
  class space    used 17127K, committed 18304K, reserved 1048576K
}
Event: 43.823 GC heap after
{Heap after GC invocations=63 (full 0):
 garbage-first heap   total 238592K, used 141661K [0x0000000080000000, 0x0000000100000000)
  region size 1024K, 9 young (9216K), 9 survivors (9216K)
 Metaspace       used 123013K, committed 125312K, reserved 1179648K
  class space    used 17127K, committed 18304K, reserved 1048576K
}
Event: 45.606 GC heap before
{Heap before GC invocations=63 (full 0):
 garbage-first heap   total 238592K, used 210269K [0x0000000080000000, 0x0000000100000000)
  region size 1024K, 77 young (78848K), 9 survivors (9216K)
 Metaspace       used 125306K, committed 127616K, reserved 1179648K
  class space    used 17444K, committed 18560K, reserved 1048576K
}
Event: 45.623 GC heap after
{Heap after GC invocations=64 (full 0):
 garbage-first heap   total 238592K, used 143445K [0x0000000080000000, 0x0000000100000000)
  region size 1024K, 5 young (5120K), 5 survivors (5120K)
 Metaspace       used 125306K, committed 127616K, reserved 1179648K
  class space    used 17444K, committed 18560K, reserved 1048576K
}
Event: 46.789 GC heap before
{Heap before GC invocations=64 (full 0):
 garbage-first heap   total 238592K, used 213077K [0x0000000080000000, 0x0000000100000000)
  region size 1024K, 74 young (75776K), 5 survivors (5120K)
 Metaspace       used 134117K, committed 136448K, reserved 1179648K
  class space    used 18886K, committed 20032K, reserved 1048576K
}
Event: 46.799 GC heap after
{Heap after GC invocations=65 (full 0):
 garbage-first heap   total 238592K, used 147015K [0x0000000080000000, 0x0000000100000000)
  region size 1024K, 9 young (9216K), 9 survivors (9216K)
 Metaspace       used 134117K, committed 136448K, reserved 1179648K
  class space    used 18886K, committed 20032K, reserved 1048576K
}

